<?xml version="1.0" encoding="UTF-8"?>
<coverage generated="1768383679518" clover="3.2.0">
  <project timestamp="1768383679518" name="All files">
    <metrics statements="65" coveredstatements="50" conditionals="16" coveredconditionals="11" methods="11" coveredmethods="5" elements="92" coveredelements="66" complexity="0" loc="65" ncloc="65" packages="1" files="1" classes="1"/>
    <file name="app.js" path="C:\Users\24047863\OneDrive - Republic Polytechnic\School\Y2\Y2S2\C270\Resource\C270TravelWebsite\app.js">
      <metrics statements="65" coveredstatements="50" conditionals="16" coveredconditionals="11" methods="11" coveredmethods="5"/>
      <line num="1" count="1" type="stmt"/>
      <line num="2" count="1" type="stmt"/>
      <line num="3" count="1" type="stmt"/>
      <line num="4" count="1" type="stmt"/>
      <line num="7" count="1" type="stmt"/>
      <line num="8" count="1" type="stmt"/>
      <line num="10" count="1" type="stmt"/>
      <line num="37" count="1" type="stmt"/>
      <line num="38" count="0" type="stmt"/>
      <line num="184" count="1" type="stmt"/>
      <line num="185" count="10" type="stmt"/>
      <line num="186" count="10" type="stmt"/>
      <line num="188" count="10" type="cond" truecount="2" falsecount="0"/>
      <line num="189" count="4" type="stmt"/>
      <line num="190" count="20" type="stmt"/>
      <line num="191" count="20" type="stmt"/>
      <line num="192" count="20" type="stmt"/>
      <line num="194" count="20" type="cond" truecount="2" falsecount="0"/>
      <line num="198" count="2" type="stmt"/>
      <line num="201" count="4" type="cond" truecount="2" falsecount="0"/>
      <line num="202" count="2" type="stmt"/>
      <line num="216" count="2" type="stmt"/>
      <line num="219" count="6" type="stmt"/>
      <line num="222" count="8" type="stmt"/>
      <line num="223" count="8" type="stmt"/>
      <line num="224" count="33" type="stmt"/>
      <line num="246" count="8" type="stmt"/>
      <line num="318" count="1" type="stmt"/>
      <line num="319" count="0" type="stmt"/>
      <line num="351" count="1" type="stmt"/>
      <line num="352" count="0" type="stmt"/>
      <line num="384" count="1" type="stmt"/>
      <line num="385" count="0" type="stmt"/>
      <line num="386" count="0" type="stmt"/>
      <line num="388" count="0" type="stmt"/>
      <line num="389" count="0" type="cond" truecount="0" falsecount="2"/>
      <line num="390" count="0" type="stmt"/>
      <line num="391" count="0" type="stmt"/>
      <line num="395" count="0" type="cond" truecount="0" falsecount="2"/>
      <line num="396" count="0" type="stmt"/>
      <line num="398" count="0" type="stmt"/>
      <line num="427" count="1" type="stmt"/>
      <line num="432" count="1" type="stmt"/>
      <line num="433" count="6" type="stmt"/>
      <line num="440" count="6" type="stmt"/>
      <line num="441" count="6" type="stmt"/>
      <line num="444" count="1" type="stmt"/>
      <line num="445" count="0" type="stmt"/>
      <line num="449" count="1" type="stmt"/>
      <line num="450" count="1" type="stmt"/>
      <line num="452" count="1" type="stmt"/>
      <line num="453" count="6" type="cond" truecount="2" falsecount="0"/>
      <line num="454" count="1" type="stmt"/>
      <line num="455" count="1" type="stmt"/>
      <line num="456" count="1" type="stmt"/>
      <line num="457" count="1" type="stmt"/>
      <line num="460" count="1" type="stmt"/>
      <line num="463" count="1" type="stmt"/>
      <line num="464" count="1" type="stmt"/>
      <line num="465" count="6" type="stmt"/>
      <line num="466" count="1" type="stmt"/>
      <line num="471" count="1" type="cond" truecount="1" falsecount="1"/>
      <line num="472" count="0" type="stmt"/>
      <line num="473" count="0" type="stmt"/>
      <line num="477" count="1" type="stmt"/>
    </file>
  </project>
</coverage>
