<?xml version="1.0" encoding="UTF-8"?>
<coverage generated="1769802794608" clover="3.2.0">
  <project timestamp="1769802794608" name="All files">
    <metrics statements="66" coveredstatements="62" conditionals="18" coveredconditionals="15" methods="12" coveredmethods="10" elements="96" coveredelements="87" complexity="0" loc="66" ncloc="66" packages="1" files="1" classes="1"/>
    <file name="app.js" path="C:\Users\24047863\OneDrive - Republic Polytechnic\School\Y2\Y2S2\C270\Resource\C270TravelWebsite\app.js">
      <metrics statements="66" coveredstatements="62" conditionals="18" coveredconditionals="15" methods="12" coveredmethods="10"/>
      <line num="1" count="15" type="stmt"/>
      <line num="4" count="88" type="stmt"/>
      <line num="12" count="15" type="stmt"/>
      <line num="13" count="15" type="stmt"/>
      <line num="14" count="15" type="cond" truecount="2" falsecount="0"/>
      <line num="17" count="15" type="stmt"/>
      <line num="18" count="15" type="stmt"/>
      <line num="21" count="15" type="stmt"/>
      <line num="48" count="15" type="stmt"/>
      <line num="49" count="1" type="stmt"/>
      <line num="195" count="15" type="stmt"/>
      <line num="196" count="10" type="stmt"/>
      <line num="197" count="10" type="stmt"/>
      <line num="199" count="10" type="cond" truecount="2" falsecount="0"/>
      <line num="200" count="3" type="stmt"/>
      <line num="201" count="9" type="stmt"/>
      <line num="202" count="9" type="stmt"/>
      <line num="203" count="9" type="stmt"/>
      <line num="205" count="9" type="cond" truecount="2" falsecount="0"/>
      <line num="209" count="3" type="stmt"/>
      <line num="212" count="3" type="cond" truecount="2" falsecount="0"/>
      <line num="213" count="1" type="stmt"/>
      <line num="227" count="1" type="stmt"/>
      <line num="232" count="7" type="stmt"/>
      <line num="235" count="9" type="stmt"/>
      <line num="236" count="9" type="stmt"/>
      <line num="237" count="28" type="stmt"/>
      <line num="259" count="9" type="stmt"/>
      <line num="331" count="15" type="stmt"/>
      <line num="332" count="1" type="stmt"/>
      <line num="364" count="15" type="stmt"/>
      <line num="365" count="1" type="stmt"/>
      <line num="397" count="15" type="stmt"/>
      <line num="398" count="1" type="stmt"/>
      <line num="399" count="1" type="stmt"/>
      <line num="401" count="1" type="stmt"/>
      <line num="402" count="1" type="cond" truecount="1" falsecount="1"/>
      <line num="403" count="1" type="stmt"/>
      <line num="404" count="1" type="stmt"/>
      <line num="408" count="1" type="cond" truecount="1" falsecount="1"/>
      <line num="409" count="0" type="stmt"/>
      <line num="411" count="1" type="stmt"/>
      <line num="440" count="15" type="stmt"/>
      <line num="445" count="15" type="stmt"/>
      <line num="446" count="6" type="stmt"/>
      <line num="453" count="6" type="stmt"/>
      <line num="454" count="6" type="stmt"/>
      <line num="457" count="15" type="stmt"/>
      <line num="458" count="0" type="stmt"/>
      <line num="462" count="15" type="stmt"/>
      <line num="463" count="2" type="stmt"/>
      <line num="465" count="2" type="stmt"/>
      <line num="466" count="5" type="cond" truecount="2" falsecount="0"/>
      <line num="467" count="2" type="stmt"/>
      <line num="468" count="2" type="stmt"/>
      <line num="469" count="2" type="stmt"/>
      <line num="470" count="2" type="stmt"/>
      <line num="473" count="2" type="stmt"/>
      <line num="476" count="15" type="stmt"/>
      <line num="477" count="2" type="stmt"/>
      <line num="478" count="7" type="stmt"/>
      <line num="479" count="2" type="stmt"/>
      <line num="484" count="15" type="cond" truecount="1" falsecount="1"/>
      <line num="485" count="0" type="stmt"/>
      <line num="486" count="0" type="stmt"/>
      <line num="490" count="15" type="stmt"/>
    </file>
  </project>
</coverage>
