{"C:\\Republic polytechnic\\AY2025 Semester 2\\C270\\C270TravelWebsite\\app.js": {"path":"C:\\Republic polytechnic\\AY2025 Semester 2\\C270\\C270TravelWebsite\\app.js","statementMap":{"0":{"start":{"line":2,"column":16},"end":{"line":2,"column":34}},"1":{"start":{"line":5,"column":2},"end":{"line":10,"column":29}},"2":{"start":{"line":13,"column":12},"end":{"line":13,"column":21}},"3":{"start":{"line":14,"column":13},"end":{"line":14,"column":28}},"4":{"start":{"line":15,"column":13},"end":{"line":15,"column":37}},"5":{"start":{"line":18,"column":0},"end":{"line":18,"column":24}},"6":{"start":{"line":19,"column":0},"end":{"line":19,"column":67}},"7":{"start":{"line":22,"column":17},"end":{"line":44,"column":1}},"8":{"start":{"line":49,"column":0},"end":{"line":192,"column":2}},"9":{"start":{"line":50,"column":4},"end":{"line":191,"column":7}},"10":{"start":{"line":196,"column":0},"end":{"line":328,"column":3}},"11":{"start":{"line":197,"column":19},"end":{"line":197,"column":30}},"12":{"start":{"line":198,"column":23},"end":{"line":198,"column":25}},"13":{"start":{"line":200,"column":4},"end":{"line":234,"column":5}},"14":{"start":{"line":201,"column":8},"end":{"line":212,"column":9}},"15":{"start":{"line":201,"column":21},"end":{"line":201,"column":22}},"16":{"start":{"line":202,"column":37},"end":{"line":202,"column":76}},"17":{"start":{"line":203,"column":33},"end":{"line":203,"column":68}},"18":{"start":{"line":204,"column":32},"end":{"line":204,"column":52}},"19":{"start":{"line":206,"column":12},"end":{"line":211,"column":13}},"20":{"start":{"line":210,"column":16},"end":{"line":210,"column":49}},"21":{"start":{"line":213,"column":8},"end":{"line":231,"column":9}},"22":{"start":{"line":214,"column":12},"end":{"line":227,"column":15}},"23":{"start":{"line":228,"column":12},"end":{"line":228,"column":19}},"24":{"start":{"line":233,"column":8},"end":{"line":233,"column":34}},"25":{"start":{"line":236,"column":22},"end":{"line":236,"column":24}},"26":{"start":{"line":237,"column":4},"end":{"line":258,"column":5}},"27":{"start":{"line":237,"column":17},"end":{"line":237,"column":18}},"28":{"start":{"line":238,"column":8},"end":{"line":257,"column":10}},"29":{"start":{"line":260,"column":4},"end":{"line":327,"column":7}},"30":{"start":{"line":332,"column":0},"end":{"line":363,"column":3}},"31":{"start":{"line":333,"column":4},"end":{"line":362,"column":7}},"32":{"start":{"line":365,"column":0},"end":{"line":396,"column":3}},"33":{"start":{"line":366,"column":4},"end":{"line":395,"column":7}},"34":{"start":{"line":398,"column":0},"end":{"line":438,"column":2}},"35":{"start":{"line":399,"column":15},"end":{"line":399,"column":38}},"36":{"start":{"line":400,"column":17},"end":{"line":400,"column":21}},"37":{"start":{"line":402,"column":4},"end":{"line":407,"column":5}},"38":{"start":{"line":402,"column":16},"end":{"line":402,"column":17}},"39":{"start":{"line":403,"column":8},"end":{"line":406,"column":9}},"40":{"start":{"line":404,"column":12},"end":{"line":404,"column":35}},"41":{"start":{"line":405,"column":12},"end":{"line":405,"column":18}},"42":{"start":{"line":409,"column":4},"end":{"line":411,"column":5}},"43":{"start":{"line":410,"column":8},"end":{"line":410,"column":85}},"44":{"start":{"line":412,"column":4},"end":{"line":436,"column":7}},"45":{"start":{"line":441,"column":0},"end":{"line":441,"column":46}},"46":{"start":{"line":446,"column":0},"end":{"line":456,"column":3}},"47":{"start":{"line":447,"column":22},"end":{"line":453,"column":5}},"48":{"start":{"line":454,"column":4},"end":{"line":454,"column":31}},"49":{"start":{"line":455,"column":4},"end":{"line":455,"column":26}},"50":{"start":{"line":458,"column":0},"end":{"line":460,"column":3}},"51":{"start":{"line":459,"column":4},"end":{"line":459,"column":22}},"52":{"start":{"line":463,"column":0},"end":{"line":475,"column":3}},"53":{"start":{"line":464,"column":13},"end":{"line":464,"column":36}},"54":{"start":{"line":466,"column":2},"end":{"line":473,"column":3}},"55":{"start":{"line":466,"column":15},"end":{"line":466,"column":16}},"56":{"start":{"line":467,"column":4},"end":{"line":472,"column":5}},"57":{"start":{"line":468,"column":6},"end":{"line":468,"column":55}},"58":{"start":{"line":469,"column":6},"end":{"line":469,"column":47}},"59":{"start":{"line":470,"column":6},"end":{"line":470,"column":55}},"60":{"start":{"line":471,"column":6},"end":{"line":471,"column":12}},"61":{"start":{"line":474,"column":2},"end":{"line":474,"column":24}},"62":{"start":{"line":477,"column":0},"end":{"line":481,"column":3}},"63":{"start":{"line":478,"column":15},"end":{"line":478,"column":38}},"64":{"start":{"line":479,"column":4},"end":{"line":479,"column":52}},"65":{"start":{"line":479,"column":40},"end":{"line":479,"column":50}},"66":{"start":{"line":480,"column":4},"end":{"line":480,"column":26}},"67":{"start":{"line":485,"column":0},"end":{"line":489,"column":1}},"68":{"start":{"line":486,"column":2},"end":{"line":488,"column":5}},"69":{"start":{"line":487,"column":4},"end":{"line":487,"column":65}},"70":{"start":{"line":491,"column":0},"end":{"line":491,"column":21}}},"fnMap":{"0":{"name":"escapeHTML","decl":{"start":{"line":4,"column":9},"end":{"line":4,"column":19}},"loc":{"start":{"line":4,"column":26},"end":{"line":11,"column":1}},"line":4},"1":{"name":"(anonymous_1)","decl":{"start":{"line":49,"column":12},"end":{"line":49,"column":13}},"loc":{"start":{"line":49,"column":23},"end":{"line":192,"column":1}},"line":49},"2":{"name":"(anonymous_2)","decl":{"start":{"line":196,"column":17},"end":{"line":196,"column":18}},"loc":{"start":{"line":196,"column":31},"end":{"line":328,"column":1}},"line":196},"3":{"name":"(anonymous_3)","decl":{"start":{"line":332,"column":16},"end":{"line":332,"column":17}},"loc":{"start":{"line":332,"column":30},"end":{"line":363,"column":1}},"line":332},"4":{"name":"(anonymous_4)","decl":{"start":{"line":365,"column":20},"end":{"line":365,"column":21}},"loc":{"start":{"line":365,"column":34},"end":{"line":396,"column":1}},"line":365},"5":{"name":"(anonymous_5)","decl":{"start":{"line":398,"column":27},"end":{"line":398,"column":28}},"loc":{"start":{"line":398,"column":41},"end":{"line":438,"column":1}},"line":398},"6":{"name":"(anonymous_6)","decl":{"start":{"line":446,"column":17},"end":{"line":446,"column":18}},"loc":{"start":{"line":446,"column":31},"end":{"line":456,"column":1}},"line":446},"7":{"name":"(anonymous_7)","decl":{"start":{"line":458,"column":21},"end":{"line":458,"column":22}},"loc":{"start":{"line":458,"column":35},"end":{"line":460,"column":1}},"line":458},"8":{"name":"(anonymous_8)","decl":{"start":{"line":463,"column":28},"end":{"line":463,"column":29}},"loc":{"start":{"line":463,"column":42},"end":{"line":475,"column":1}},"line":463},"9":{"name":"(anonymous_9)","decl":{"start":{"line":477,"column":30},"end":{"line":477,"column":31}},"loc":{"start":{"line":477,"column":44},"end":{"line":481,"column":1}},"line":477},"10":{"name":"(anonymous_10)","decl":{"start":{"line":479,"column":35},"end":{"line":479,"column":36}},"loc":{"start":{"line":479,"column":40},"end":{"line":479,"column":50}},"line":479},"11":{"name":"(anonymous_11)","decl":{"start":{"line":486,"column":19},"end":{"line":486,"column":20}},"loc":{"start":{"line":486,"column":25},"end":{"line":488,"column":3}},"line":486}},"branchMap":{"0":{"loc":{"start":{"line":15,"column":13},"end":{"line":15,"column":37}},"type":"binary-expr","locations":[{"start":{"line":15,"column":13},"end":{"line":15,"column":29}},{"start":{"line":15,"column":33},"end":{"line":15,"column":37}}],"line":15},"1":{"loc":{"start":{"line":200,"column":4},"end":{"line":234,"column":5}},"type":"if","locations":[{"start":{"line":200,"column":4},"end":{"line":234,"column":5}},{"start":{"line":232,"column":11},"end":{"line":234,"column":5}}],"line":200},"2":{"loc":{"start":{"line":206,"column":12},"end":{"line":211,"column":13}},"type":"if","locations":[{"start":{"line":206,"column":12},"end":{"line":211,"column":13}},{"start":{},"end":{}}],"line":206},"3":{"loc":{"start":{"line":207,"column":16},"end":{"line":208,"column":50}},"type":"binary-expr","locations":[{"start":{"line":207,"column":16},"end":{"line":207,"column":54}},{"start":{"line":208,"column":16},"end":{"line":208,"column":50}}],"line":207},"4":{"loc":{"start":{"line":213,"column":8},"end":{"line":231,"column":9}},"type":"if","locations":[{"start":{"line":213,"column":8},"end":{"line":231,"column":9}},{"start":{},"end":{}}],"line":213},"5":{"loc":{"start":{"line":403,"column":8},"end":{"line":406,"column":9}},"type":"if","locations":[{"start":{"line":403,"column":8},"end":{"line":406,"column":9}},{"start":{},"end":{}}],"line":403},"6":{"loc":{"start":{"line":409,"column":4},"end":{"line":411,"column":5}},"type":"if","locations":[{"start":{"line":409,"column":4},"end":{"line":411,"column":5}},{"start":{},"end":{}}],"line":409},"7":{"loc":{"start":{"line":467,"column":4},"end":{"line":472,"column":5}},"type":"if","locations":[{"start":{"line":467,"column":4},"end":{"line":472,"column":5}},{"start":{},"end":{}}],"line":467},"8":{"loc":{"start":{"line":485,"column":0},"end":{"line":489,"column":1}},"type":"if","locations":[{"start":{"line":485,"column":0},"end":{"line":489,"column":1}},{"start":{},"end":{}}],"line":485}},"s":{"0":9,"1":70,"2":9,"3":9,"4":9,"5":9,"6":9,"7":9,"8":9,"9":1,"10":9,"11":8,"12":8,"13":8,"14":2,"15":2,"16":6,"17":6,"18":6,"19":6,"20":1,"21":2,"22":1,"23":1,"24":6,"25":7,"26":7,"27":7,"28":23,"29":7,"30":9,"31":0,"32":9,"33":0,"34":9,"35":0,"36":0,"37":0,"38":0,"39":0,"40":0,"41":0,"42":0,"43":0,"44":0,"45":9,"46":9,"47":4,"48":4,"49":4,"50":9,"51":0,"52":9,"53":1,"54":1,"55":1,"56":4,"57":1,"58":1,"59":1,"60":1,"61":1,"62":9,"63":2,"64":2,"65":7,"66":2,"67":9,"68":0,"69":0,"70":9},"f":{"0":70,"1":1,"2":8,"3":0,"4":0,"5":0,"6":4,"7":0,"8":1,"9":2,"10":7,"11":0},"b":{"0":[9,9],"1":[2,6],"2":[1,5],"3":[6,5],"4":[1,1],"5":[0,0],"6":[0,0],"7":[1,3],"8":[0,9]},"_coverageSchema":"1a1c01bbd47fc00a2c39e90264f33305004495a9","hash":"60c1d32bc3b00e1da3dabab87853279aac24c5f7"}
}
