{"C:\\Republic polytechnic\\AY2025 Semester 2\\C270\\C270TravelWebsite\\app.js": {"path":"C:\\Republic polytechnic\\AY2025 Semester 2\\C270\\C270TravelWebsite\\app.js","statementMap":{"0":{"start":{"line":1,"column":16},"end":{"line":1,"column":34}},"1":{"start":{"line":3,"column":2},"end":{"line":8,"column":29}},"2":{"start":{"line":11,"column":12},"end":{"line":11,"column":21}},"3":{"start":{"line":12,"column":13},"end":{"line":12,"column":28}},"4":{"start":{"line":13,"column":13},"end":{"line":13,"column":37}},"5":{"start":{"line":16,"column":0},"end":{"line":16,"column":24}},"6":{"start":{"line":17,"column":0},"end":{"line":17,"column":67}},"7":{"start":{"line":20,"column":17},"end":{"line":42,"column":1}},"8":{"start":{"line":47,"column":0},"end":{"line":190,"column":2}},"9":{"start":{"line":48,"column":4},"end":{"line":189,"column":7}},"10":{"start":{"line":194,"column":0},"end":{"line":326,"column":3}},"11":{"start":{"line":195,"column":19},"end":{"line":195,"column":30}},"12":{"start":{"line":196,"column":23},"end":{"line":196,"column":25}},"13":{"start":{"line":198,"column":4},"end":{"line":232,"column":5}},"14":{"start":{"line":199,"column":8},"end":{"line":210,"column":9}},"15":{"start":{"line":199,"column":21},"end":{"line":199,"column":22}},"16":{"start":{"line":200,"column":37},"end":{"line":200,"column":76}},"17":{"start":{"line":201,"column":33},"end":{"line":201,"column":68}},"18":{"start":{"line":202,"column":32},"end":{"line":202,"column":52}},"19":{"start":{"line":204,"column":12},"end":{"line":209,"column":13}},"20":{"start":{"line":208,"column":16},"end":{"line":208,"column":49}},"21":{"start":{"line":211,"column":8},"end":{"line":229,"column":9}},"22":{"start":{"line":212,"column":12},"end":{"line":225,"column":15}},"23":{"start":{"line":226,"column":12},"end":{"line":226,"column":19}},"24":{"start":{"line":231,"column":8},"end":{"line":231,"column":34}},"25":{"start":{"line":234,"column":22},"end":{"line":234,"column":24}},"26":{"start":{"line":235,"column":4},"end":{"line":256,"column":5}},"27":{"start":{"line":235,"column":17},"end":{"line":235,"column":18}},"28":{"start":{"line":236,"column":8},"end":{"line":255,"column":10}},"29":{"start":{"line":258,"column":4},"end":{"line":325,"column":7}},"30":{"start":{"line":330,"column":0},"end":{"line":361,"column":3}},"31":{"start":{"line":331,"column":4},"end":{"line":360,"column":7}},"32":{"start":{"line":363,"column":0},"end":{"line":394,"column":3}},"33":{"start":{"line":364,"column":4},"end":{"line":393,"column":7}},"34":{"start":{"line":396,"column":0},"end":{"line":436,"column":2}},"35":{"start":{"line":397,"column":15},"end":{"line":397,"column":38}},"36":{"start":{"line":398,"column":17},"end":{"line":398,"column":21}},"37":{"start":{"line":400,"column":4},"end":{"line":405,"column":5}},"38":{"start":{"line":400,"column":16},"end":{"line":400,"column":17}},"39":{"start":{"line":401,"column":8},"end":{"line":404,"column":9}},"40":{"start":{"line":402,"column":12},"end":{"line":402,"column":35}},"41":{"start":{"line":403,"column":12},"end":{"line":403,"column":18}},"42":{"start":{"line":407,"column":4},"end":{"line":409,"column":5}},"43":{"start":{"line":408,"column":8},"end":{"line":408,"column":85}},"44":{"start":{"line":410,"column":4},"end":{"line":434,"column":7}},"45":{"start":{"line":439,"column":0},"end":{"line":439,"column":46}},"46":{"start":{"line":444,"column":0},"end":{"line":454,"column":3}},"47":{"start":{"line":445,"column":22},"end":{"line":451,"column":5}},"48":{"start":{"line":452,"column":4},"end":{"line":452,"column":31}},"49":{"start":{"line":453,"column":4},"end":{"line":453,"column":26}},"50":{"start":{"line":456,"column":0},"end":{"line":458,"column":3}},"51":{"start":{"line":457,"column":4},"end":{"line":457,"column":22}},"52":{"start":{"line":461,"column":0},"end":{"line":473,"column":3}},"53":{"start":{"line":462,"column":13},"end":{"line":462,"column":36}},"54":{"start":{"line":464,"column":2},"end":{"line":471,"column":3}},"55":{"start":{"line":464,"column":15},"end":{"line":464,"column":16}},"56":{"start":{"line":465,"column":4},"end":{"line":470,"column":5}},"57":{"start":{"line":466,"column":6},"end":{"line":466,"column":55}},"58":{"start":{"line":467,"column":6},"end":{"line":467,"column":47}},"59":{"start":{"line":468,"column":6},"end":{"line":468,"column":55}},"60":{"start":{"line":469,"column":6},"end":{"line":469,"column":12}},"61":{"start":{"line":472,"column":2},"end":{"line":472,"column":24}},"62":{"start":{"line":475,"column":0},"end":{"line":479,"column":3}},"63":{"start":{"line":476,"column":15},"end":{"line":476,"column":38}},"64":{"start":{"line":477,"column":4},"end":{"line":477,"column":52}},"65":{"start":{"line":477,"column":40},"end":{"line":477,"column":50}},"66":{"start":{"line":478,"column":4},"end":{"line":478,"column":26}},"67":{"start":{"line":483,"column":0},"end":{"line":487,"column":1}},"68":{"start":{"line":484,"column":2},"end":{"line":486,"column":5}},"69":{"start":{"line":485,"column":4},"end":{"line":485,"column":65}},"70":{"start":{"line":489,"column":0},"end":{"line":489,"column":21}}},"fnMap":{"0":{"name":"escapeHTML","decl":{"start":{"line":2,"column":9},"end":{"line":2,"column":19}},"loc":{"start":{"line":2,"column":26},"end":{"line":9,"column":1}},"line":2},"1":{"name":"(anonymous_1)","decl":{"start":{"line":47,"column":12},"end":{"line":47,"column":13}},"loc":{"start":{"line":47,"column":23},"end":{"line":190,"column":1}},"line":47},"2":{"name":"(anonymous_2)","decl":{"start":{"line":194,"column":17},"end":{"line":194,"column":18}},"loc":{"start":{"line":194,"column":31},"end":{"line":326,"column":1}},"line":194},"3":{"name":"(anonymous_3)","decl":{"start":{"line":330,"column":16},"end":{"line":330,"column":17}},"loc":{"start":{"line":330,"column":30},"end":{"line":361,"column":1}},"line":330},"4":{"name":"(anonymous_4)","decl":{"start":{"line":363,"column":20},"end":{"line":363,"column":21}},"loc":{"start":{"line":363,"column":34},"end":{"line":394,"column":1}},"line":363},"5":{"name":"(anonymous_5)","decl":{"start":{"line":396,"column":27},"end":{"line":396,"column":28}},"loc":{"start":{"line":396,"column":41},"end":{"line":436,"column":1}},"line":396},"6":{"name":"(anonymous_6)","decl":{"start":{"line":444,"column":17},"end":{"line":444,"column":18}},"loc":{"start":{"line":444,"column":31},"end":{"line":454,"column":1}},"line":444},"7":{"name":"(anonymous_7)","decl":{"start":{"line":456,"column":21},"end":{"line":456,"column":22}},"loc":{"start":{"line":456,"column":35},"end":{"line":458,"column":1}},"line":456},"8":{"name":"(anonymous_8)","decl":{"start":{"line":461,"column":28},"end":{"line":461,"column":29}},"loc":{"start":{"line":461,"column":42},"end":{"line":473,"column":1}},"line":461},"9":{"name":"(anonymous_9)","decl":{"start":{"line":475,"column":30},"end":{"line":475,"column":31}},"loc":{"start":{"line":475,"column":44},"end":{"line":479,"column":1}},"line":475},"10":{"name":"(anonymous_10)","decl":{"start":{"line":477,"column":35},"end":{"line":477,"column":36}},"loc":{"start":{"line":477,"column":40},"end":{"line":477,"column":50}},"line":477},"11":{"name":"(anonymous_11)","decl":{"start":{"line":484,"column":19},"end":{"line":484,"column":20}},"loc":{"start":{"line":484,"column":25},"end":{"line":486,"column":3}},"line":484}},"branchMap":{"0":{"loc":{"start":{"line":13,"column":13},"end":{"line":13,"column":37}},"type":"binary-expr","locations":[{"start":{"line":13,"column":13},"end":{"line":13,"column":29}},{"start":{"line":13,"column":33},"end":{"line":13,"column":37}}],"line":13},"1":{"loc":{"start":{"line":198,"column":4},"end":{"line":232,"column":5}},"type":"if","locations":[{"start":{"line":198,"column":4},"end":{"line":232,"column":5}},{"start":{"line":230,"column":11},"end":{"line":232,"column":5}}],"line":198},"2":{"loc":{"start":{"line":204,"column":12},"end":{"line":209,"column":13}},"type":"if","locations":[{"start":{"line":204,"column":12},"end":{"line":209,"column":13}},{"start":{},"end":{}}],"line":204},"3":{"loc":{"start":{"line":205,"column":16},"end":{"line":206,"column":50}},"type":"binary-expr","locations":[{"start":{"line":205,"column":16},"end":{"line":205,"column":54}},{"start":{"line":206,"column":16},"end":{"line":206,"column":50}}],"line":205},"4":{"loc":{"start":{"line":211,"column":8},"end":{"line":229,"column":9}},"type":"if","locations":[{"start":{"line":211,"column":8},"end":{"line":229,"column":9}},{"start":{},"end":{}}],"line":211},"5":{"loc":{"start":{"line":401,"column":8},"end":{"line":404,"column":9}},"type":"if","locations":[{"start":{"line":401,"column":8},"end":{"line":404,"column":9}},{"start":{},"end":{}}],"line":401},"6":{"loc":{"start":{"line":407,"column":4},"end":{"line":409,"column":5}},"type":"if","locations":[{"start":{"line":407,"column":4},"end":{"line":409,"column":5}},{"start":{},"end":{}}],"line":407},"7":{"loc":{"start":{"line":465,"column":4},"end":{"line":470,"column":5}},"type":"if","locations":[{"start":{"line":465,"column":4},"end":{"line":470,"column":5}},{"start":{},"end":{}}],"line":465},"8":{"loc":{"start":{"line":483,"column":0},"end":{"line":487,"column":1}},"type":"if","locations":[{"start":{"line":483,"column":0},"end":{"line":487,"column":1}},{"start":{},"end":{}}],"line":483}},"s":{"0":1,"1":155,"2":1,"3":1,"4":1,"5":1,"6":1,"7":1,"8":1,"9":1,"10":1,"11":12,"12":12,"13":12,"14":4,"15":4,"16":22,"17":22,"18":22,"19":22,"20":3,"21":4,"22":2,"23":2,"24":8,"25":10,"26":10,"27":10,"28":50,"29":10,"30":1,"31":0,"32":1,"33":0,"34":1,"35":1,"36":1,"37":1,"38":1,"39":1,"40":1,"41":1,"42":1,"43":0,"44":1,"45":1,"46":1,"47":6,"48":6,"49":6,"50":1,"51":0,"52":1,"53":2,"54":2,"55":2,"56":7,"57":2,"58":2,"59":2,"60":2,"61":2,"62":1,"63":2,"64":2,"65":14,"66":2,"67":1,"68":0,"69":0,"70":1},"f":{"0":155,"1":1,"2":12,"3":0,"4":0,"5":1,"6":6,"7":0,"8":2,"9":2,"10":14,"11":0},"b":{"0":[1,1],"1":[4,8],"2":[3,19],"3":[22,21],"4":[2,2],"5":[1,0],"6":[0,1],"7":[2,5],"8":[0,1]},"_coverageSchema":"1a1c01bbd47fc00a2c39e90264f33305004495a9","hash":"a0067e8e9b87efdebde2efb73f7d330c4dfa5340"}
}
