TN:
SF:app.js
FN:38,(anonymous_0)
FN:185,(anonymous_1)
FN:319,(anonymous_2)
FN:352,(anonymous_3)
FN:385,(anonymous_4)
FN:433,(anonymous_5)
FN:445,(anonymous_6)
FN:450,(anonymous_7)
FN:464,(anonymous_8)
FN:466,(anonymous_9)
FN:473,(anonymous_10)
FNF:11
FNH:9
FNDA:0,(anonymous_0)
FNDA:10,(anonymous_1)
FNDA:1,(anonymous_2)
FNDA:1,(anonymous_3)
FNDA:1,(anonymous_4)
FNDA:6,(anonymous_5)
FNDA:1,(anonymous_6)
FNDA:1,(anonymous_7)
FNDA:1,(anonymous_8)
FNDA:6,(anonymous_9)
FNDA:0,(anonymous_10)
DA:1,1
DA:2,1
DA:3,1
DA:4,1
DA:7,1
DA:8,1
DA:11,1
DA:38,1
DA:39,0
DA:185,1
DA:186,10
DA:187,10
DA:189,10
DA:190,4
DA:191,20
DA:192,20
DA:193,20
DA:195,20
DA:199,2
DA:202,4
DA:203,2
DA:217,2
DA:220,6
DA:223,8
DA:224,8
DA:225,33
DA:247,8
DA:319,1
DA:320,1
DA:352,1
DA:353,1
DA:385,1
DA:386,1
DA:387,1
DA:389,1
DA:390,8
DA:391,0
DA:392,0
DA:396,1
DA:397,1
DA:399,0
DA:428,1
DA:433,1
DA:434,6
DA:441,6
DA:442,6
DA:445,1
DA:446,1
DA:450,1
DA:451,1
DA:453,1
DA:454,6
DA:455,1
DA:456,1
DA:457,1
DA:458,1
DA:461,1
DA:464,1
DA:465,1
DA:466,6
DA:467,1
DA:472,1
DA:473,0
DA:474,0
DA:478,1
LF:65
LH:59
BRDA:4,0,0,1
BRDA:4,0,1,1
BRDA:189,1,0,4
BRDA:189,1,1,6
BRDA:195,2,0,2
BRDA:195,2,1,18
BRDA:196,3,0,20
BRDA:196,3,1,18
BRDA:202,4,0,2
BRDA:202,4,1,2
BRDA:390,5,0,0
BRDA:390,5,1,8
BRDA:396,6,0,1
BRDA:396,6,1,0
BRDA:454,7,0,1
BRDA:454,7,1,5
BRDA:472,8,0,0
BRDA:472,8,1,1
BRF:18
BRH:15
end_of_record
