TN:
SF:app.js
FN:2,escapeHTML
FN:47,(anonymous_1)
FN:194,(anonymous_2)
FN:330,(anonymous_3)
FN:363,(anonymous_4)
FN:396,(anonymous_5)
FN:444,(anonymous_6)
FN:456,(anonymous_7)
FN:461,(anonymous_8)
FN:475,(anonymous_9)
FN:477,(anonymous_10)
FN:484,(anonymous_11)
FNF:12
FNH:8
FNDA:155,escapeHTML
FNDA:1,(anonymous_1)
FNDA:12,(anonymous_2)
FNDA:0,(anonymous_3)
FNDA:0,(anonymous_4)
FNDA:1,(anonymous_5)
FNDA:6,(anonymous_6)
FNDA:0,(anonymous_7)
FNDA:2,(anonymous_8)
FNDA:2,(anonymous_9)
FNDA:14,(anonymous_10)
FNDA:0,(anonymous_11)
DA:1,1
DA:3,155
DA:11,1
DA:12,1
DA:13,1
DA:16,1
DA:17,1
DA:20,1
DA:47,1
DA:48,1
DA:194,1
DA:195,12
DA:196,12
DA:198,12
DA:199,4
DA:200,22
DA:201,22
DA:202,22
DA:204,22
DA:208,3
DA:211,4
DA:212,2
DA:226,2
DA:231,8
DA:234,10
DA:235,10
DA:236,50
DA:258,10
DA:330,1
DA:331,0
DA:363,1
DA:364,0
DA:396,1
DA:397,1
DA:398,1
DA:400,1
DA:401,1
DA:402,1
DA:403,1
DA:407,1
DA:408,0
DA:410,1
DA:439,1
DA:444,1
DA:445,6
DA:452,6
DA:453,6
DA:456,1
DA:457,0
DA:461,1
DA:462,2
DA:464,2
DA:465,7
DA:466,2
DA:467,2
DA:468,2
DA:469,2
DA:472,2
DA:475,1
DA:476,2
DA:477,14
DA:478,2
DA:483,1
DA:484,0
DA:485,0
DA:489,1
LF:66
LH:60
BRDA:13,0,0,1
BRDA:13,0,1,1
BRDA:198,1,0,4
BRDA:198,1,1,8
BRDA:204,2,0,3
BRDA:204,2,1,19
BRDA:205,3,0,22
BRDA:205,3,1,21
BRDA:211,4,0,2
BRDA:211,4,1,2
BRDA:401,5,0,1
BRDA:401,5,1,0
BRDA:407,6,0,0
BRDA:407,6,1,1
BRDA:465,7,0,2
BRDA:465,7,1,5
BRDA:483,8,0,0
BRDA:483,8,1,1
BRF:18
BRH:15
end_of_record
